<?xml version="1.0" encoding="UTF-8"?>
<testng-results ignored="0" total="1" passed="1" failed="0" skipped="0">
  <reporter-output>
    <line>
      <![CDATA[------------->December 17, 2021 (India)]]>
    </line>
    <line>
      <![CDATA[------->India]]>
    </line>
    <line>
      <![CDATA[wiki------------------->17 December 2021]]>
    </line>
    <line>
      <![CDATA[wiki---------->India]]>
    </line>
    <line>
      <![CDATA[both string are equals]]>
    </line>
    <line>
      <![CDATA[both string are equals]]>
    </line>
    <line>
      <![CDATA[both string are equals]]>
    </line>
  </reporter-output>
  <suite started-at="2022-08-29T20:55:19 IST" name="SuiteTest_Suite" finished-at="2022-08-29T20:57:12 IST" duration-ms="112737">
    <groups>
      <group name="Smoke">
        <method signature="ReadMovieInfoTest.imdbMovie()[pri:1, instance:testScenario.ReadMovieInfoTest@4386f16]" name="imdbMovie" class="testScenario.ReadMovieInfoTest"/>
      </group> <!-- Smoke -->
    </groups>
    <test started-at="2022-08-29T20:55:19 IST" name="Test" finished-at="2022-08-29T20:57:12 IST" duration-ms="112737">
      <class name="testScenario.ReadMovieInfoTest">
        <test-method is-config="true" signature="setUp(java.lang.String, java.lang.String, java.lang.String, java.lang.String)[pri:0, instance:testScenario.ReadMovieInfoTest@4386f16]" started-at="2022-08-29T20:55:19 IST" name="setUp" finished-at="2022-08-29T20:55:58 IST" duration-ms="39220" status="PASS">
          <params>
            <param index="0">
              <value>
                <![CDATA[true]]>
              </value>
            </param>
            <param index="1">
              <value>
                <![CDATA[config.properties]]>
              </value>
            </param>
            <param index="2">
              <value>
                <![CDATA[Chrome]]>
              </value>
            </param>
            <param index="3">
              <value>
                <![CDATA[http://localhost:4444/wd/hub]]>
              </value>
            </param>
          </params>
          <reporter-output>
          </reporter-output>
        </test-method> <!-- setUp -->
        <test-method signature="imdbMovie()[pri:1, instance:testScenario.ReadMovieInfoTest@4386f16]" started-at="2022-08-29T20:55:59 IST" name="imdbMovie" description="Movie Information" finished-at="2022-08-29T20:57:10 IST" duration-ms="71471" status="PASS">
          <reporter-output>
            <line>
              <![CDATA[------------->December 17, 2021 (India)]]>
            </line>
            <line>
              <![CDATA[------->India]]>
            </line>
            <line>
              <![CDATA[wiki------------------->17 December 2021]]>
            </line>
            <line>
              <![CDATA[wiki---------->India]]>
            </line>
            <line>
              <![CDATA[both string are equals]]>
            </line>
            <line>
              <![CDATA[both string are equals]]>
            </line>
            <line>
              <![CDATA[both string are equals]]>
            </line>
          </reporter-output>
        </test-method> <!-- imdbMovie -->
        <test-method is-config="true" signature="tearDown()[pri:0, instance:testScenario.ReadMovieInfoTest@4386f16]" started-at="2022-08-29T20:57:10 IST" name="tearDown" finished-at="2022-08-29T20:57:12 IST" duration-ms="1501" status="PASS">
          <reporter-output>
          </reporter-output>
        </test-method> <!-- tearDown -->
      </class> <!-- testScenario.ReadMovieInfoTest -->
    </test> <!-- Test -->
  </suite> <!-- SuiteTest_Suite -->
</testng-results>
