<?xml version="1.0" encoding="UTF-8"?>
<testng-results skipped="0" failed="0" ignored="1" total="2" passed="1">
  <reporter-output>
  </reporter-output>
  <suite name="SuiteTest_Suite" duration-ms="12909" started-at="2022-09-08T19:57:58 IST" finished-at="2022-09-08T19:58:11 IST">
    <groups>
      <group name="Smoke">
        <method signature="ReadMovieInfoTest.findElement()[pri:0, instance:testScenario.ReadMovieInfoTest@5bfbf16f]" name="findElement" class="testScenario.ReadMovieInfoTest"/>
      </group> <!-- Smoke -->
    </groups>
    <test name="Test" duration-ms="12909" started-at="2022-09-08T19:57:58 IST" finished-at="2022-09-08T19:58:11 IST">
      <class name="testScenario.ReadMovieInfoTest">
        <test-method status="PASS" signature="setUp(java.lang.String, java.lang.String)[pri:0, instance:testScenario.ReadMovieInfoTest@5bfbf16f]" name="setUp" is-config="true" duration-ms="11151" started-at="2022-09-08T19:57:58 IST" finished-at="2022-09-08T19:58:09 IST">
          <params>
            <param index="0">
              <value>
                <![CDATA[config.properties]]>
              </value>
            </param>
            <param index="1">
              <value>
                <![CDATA[Chrome]]>
              </value>
            </param>
          </params>
          <reporter-output>
          </reporter-output>
        </test-method> <!-- setUp -->
        <test-method status="PASS" signature="findElement()[pri:0, instance:testScenario.ReadMovieInfoTest@5bfbf16f]" name="findElement" duration-ms="772" started-at="2022-09-08T19:58:09 IST" description="Movie Information" finished-at="2022-09-08T19:58:10 IST">
          <reporter-output>
          </reporter-output>
        </test-method> <!-- findElement -->
        <test-method status="PASS" signature="tearDown()[pri:0, instance:testScenario.ReadMovieInfoTest@5bfbf16f]" name="tearDown" is-config="true" duration-ms="941" started-at="2022-09-08T19:58:10 IST" finished-at="2022-09-08T19:58:11 IST">
          <reporter-output>
          </reporter-output>
        </test-method> <!-- tearDown -->
      </class> <!-- testScenario.ReadMovieInfoTest -->
    </test> <!-- Test -->
  </suite> <!-- SuiteTest_Suite -->
</testng-results>
